<?xml version="1.0" encoding="UTF-8"?>
<!-- Generated by org.testng.reporters.JUnitReportReporter -->
<testsuite hostname="LAPTOP-8PV5OBQH" failures="0" tests="1" name="updated.test1" time="25.551" errors="0" timestamp="2024-04-16T21:54:04 IST" skipped="0">
  <testcase classname="updated.test1" name="t1" time="25.551"/>
  <system-out/>
</testsuite> <!-- updated.test1 -->
